<?xml version="1.0" encoding="UTF-8"?>
<!-- Generated by org.testng.reporters.JUnitReportReporter -->
<testsuite hostname="LAPTOP-BDUVLNVT" failures="0" tests="2" name="package1.Groups" time="0.022" errors="0" timestamp="2023-12-18T13:06:32 IST" skipped="0">
  <testcase classname="package1.Groups" name="wipro" time="0.003"/>
  <testcase classname="package1.Groups" name="infosys" time="0.019"/>
</testsuite> <!-- package1.Groups -->
