<?xml version="1.0" encoding="UTF-8"?>
<!-- Generated by org.testng.reporters.JUnitReportReporter -->
<testsuite hostname="LAPTOP-BDUVLNVT" failures="0" tests="1" name="hardAssertions.Validation" time="7.494" errors="0" timestamp="2023-12-25T14:59:17 IST" skipped="0">
  <testcase classname="hardAssertions.Validation" name="FBCheckBox" time="7.494"/>
</testsuite> <!-- hardAssertions.Validation -->
