<?xml version="1.0" encoding="UTF-8"?>
<!-- Generated by org.testng.reporters.JUnitReportReporter -->
<testsuite hostname="LAPTOP-BDUVLNVT" failures="0" tests="1" name="coverFoxUsingTestNg.CF_TC555_Validate_search_results_for_healthcare_policies" time="33.697" errors="0" timestamp="2024-01-04T13:48:23 IST" skipped="0">
  <testcase classname="coverFoxUsingTestNg.CF_TC555_Validate_search_results_for_healthcare_policies" name="validateTestPlansFromTextAndBanners" time="33.697">
    <system-out>
      <![CDATA[Fetching number of results from text 
Fetching number of results from Banners 
TC is passed 
Click on Apply
9and9]]>
    </system-out>
  </testcase> <!-- validateTestPlansFromTextAndBanners -->
  <system-out>
    <![CDATA[Opening Browser
clicking on gender button 
clicking on next button 
Handeling age drop down 
Clicking on next button 
Entering pin code 
Entering mobile num 
Clicking on continue button 
Fetching number of results from text 
Fetching number of results from Banners 
TC is passed 
Click on Apply
9and9
Closing browser ]]>
  </system-out>
</testsuite> <!-- coverFoxUsingTestNg.CF_TC555_Validate_search_results_for_healthcare_policies -->
