<?xml version="1.0" encoding="UTF-8"?>
<!-- Generated by org.testng.reporters.JUnitReportReporter -->
<testsuite hostname="LAPTOP-BDUVLNVT" failures="0" tests="1" name="serialAndParallel.Module_1" time="16.176" errors="0" timestamp="2023-12-27T13:03:48 IST" skipped="0">
  <testcase classname="serialAndParallel.Module_1" name="Ajio" time="16.176"/>
</testsuite> <!-- serialAndParallel.Module_1 -->
