<?xml version="1.0" encoding="UTF-8"?>
<!-- Generated by org.testng.reporters.JUnitReportReporter -->
<testsuite hostname="LAPTOP-BDUVLNVT" failures="0" tests="1" name="DataProvider_Study.FBAccountForm_UsingXML" time="8.387" errors="0" timestamp="2023-12-27T14:43:01 IST" skipped="0">
  <testcase classname="DataProvider_Study.FBAccountForm_UsingXML" name="fbTest" time="8.387"/>
</testsuite> <!-- DataProvider_Study.FBAccountForm_UsingXML -->
