<?xml version="1.0" encoding="UTF-8"?>
<!-- Generated by org.testng.reporters.JUnitReportReporter -->
<testsuite hostname="LAPTOP-BDUVLNVT" failures="0" tests="1" name="serialAndParallel.Module_3" time="10.724" errors="0" timestamp="2023-12-27T13:03:48 IST" skipped="0">
  <testcase classname="serialAndParallel.Module_3" name="Flipkart" time="10.724"/>
</testsuite> <!-- serialAndParallel.Module_3 -->
