<?xml version="1.0" encoding="UTF-8"?>
<!-- Generated by org.testng.reporters.JUnitReportReporter -->
<testsuite hostname="LAPTOP-BDUVLNVT" failures="0" tests="2" name="DataProvider_Study.FBAccountForm" time="14.387" errors="0" timestamp="2023-12-27T14:45:07 IST" skipped="0">
  <testcase classname="DataProvider_Study.FBAccountForm" name="f" time="8.822"/>
  <testcase classname="DataProvider_Study.FBAccountForm" name="f" time="5.565"/>
</testsuite> <!-- DataProvider_Study.FBAccountForm -->
