<?xml version="1.0" encoding="UTF-8"?>
<!-- Generated by org.testng.reporters.JUnitReportReporter -->
<testsuite hostname="LAPTOP-BDUVLNVT" failures="0" tests="2" name="coverFoxTest.CF_TC555_Validate_search_results_for_healthcare_policies" time="19.042" errors="0" timestamp="2024-01-03T17:46:41 IST" skipped="1">
  <testcase classname="coverFoxTest.CF_TC555_Validate_search_results_for_healthcare_policies" name="validateTestPlansFromTextAndBanners" time="19.042">
    <system-out>
      <![CDATA[Fetching number of results from text 
Fetching number of results from Banners 
TC is passed
Taking screenshot
Saved screenshot at C:\Users\Ankita\Desktop\Velocity\Selenium\Screenshots\coverFoxTC555_2024.01.03.17.46.38.png]]>
    </system-out>
  </testcase> <!-- validateTestPlansFromTextAndBanners -->
  <testcase classname="coverFoxTest.CF_TC555_Validate_search_results_for_healthcare_policies" name="validateTestPlansFromTextBannersIfNotMatch">
    <skipped/>
  </testcase> <!-- validateTestPlansFromTextBannersIfNotMatch -->
  <system-out>
    <![CDATA[Launching Browser
clicking on gender button 
Clicking on next button
Handeling age drop down 
Clicking on next button 
Entering pin code 
Entering mobile num 
Clicking on Next button
Fetching number of results from text 
Fetching number of results from Banners 
TC is passed
Taking screenshot
Saved screenshot at C:\Users\Ankita\Desktop\Velocity\Selenium\Screenshots\coverFoxTC555_2024.01.03.17.46.38.png
Closing Browser]]>
  </system-out>
</testsuite> <!-- coverFoxTest.CF_TC555_Validate_search_results_for_healthcare_policies -->
