<?xml version="1.0" encoding="UTF-8"?>
<!-- Generated by org.testng.reporters.JUnitReportReporter -->
<testsuite hostname="LAPTOP-BDUVLNVT" failures="0" tests="2" name="testNg_Study.BeforeTestStudy" time="0.014" errors="0" timestamp="2023-12-19T23:25:44 IST" skipped="0">
  <testcase classname="testNg_Study.BeforeTestStudy" name="method2" time="0.004">
    <system-out>
      <![CDATA[Hii, it's method2]]>
    </system-out>
  </testcase> <!-- method2 -->
  <testcase classname="testNg_Study.BeforeTestStudy" name="method1" time="0.010">
    <system-out>
      <![CDATA[Hii,it's method1]]>
    </system-out>
  </testcase> <!-- method1 -->
  <system-out>
    <![CDATA[Hii, it's beforetest
Hii , it's beforeclass
Hii, it's beforemethod
Hii,it's method1
Hii, it's aftermethod
Hii, it's beforemethod
Hii, it's method2
Hii, it's aftermethod
Hii, it's afterclass
Hi , it's aftertest]]>
  </system-out>
</testsuite> <!-- testNg_Study.BeforeTestStudy -->
