<?xml version="1.0" encoding="UTF-8"?>
<!-- Generated by org.testng.reporters.JUnitReportReporter -->
<testsuite hostname="LAPTOP-BDUVLNVT" failures="0" tests="1" name="testNg_Study.BeforeClassUse" time="0.036" errors="0" timestamp="2023-12-19T12:53:24 IST" skipped="0">
  <testcase classname="testNg_Study.BeforeClassUse" name="method1" time="0.036">
    <system-out>
      <![CDATA[Hii method1]]>
    </system-out>
  </testcase> <!-- method1 -->
  <system-out>
    <![CDATA[Welcome to class
Logging successfully
Hii method1
Logged out
Visit back....Thank You!]]>
  </system-out>
</testsuite> <!-- testNg_Study.BeforeClassUse -->
