<?xml version="1.0" encoding="UTF-8"?>
<!-- Generated by org.testng.reporters.JUnitReportReporter -->
<testsuite hostname="LAPTOP-BDUVLNVT" failures="0" tests="1" name="package1.AssertaionStudy" time="5.369" errors="0" timestamp="2023-12-21T10:37:39 IST" skipped="0">
  <testcase classname="package1.AssertaionStudy" name="checktitle" time="5.369"/>
</testsuite> <!-- package1.AssertaionStudy -->
