<?xml version="1.0" encoding="UTF-8"?>
<!-- Generated by org.testng.reporters.JUnitReportReporter -->
<testsuite hostname="LAPTOP-BDUVLNVT" failures="0" tests="5" name="testNg_Study.InvocationCount_Study" time="0.030" errors="0" timestamp="2023-12-20T00:23:04 IST" skipped="0">
  <testcase classname="testNg_Study.InvocationCount_Study" name="entercredentials" time="0.018">
    <system-out>
      <![CDATA[Enter valid credentails ]]>
    </system-out>
  </testcase> <!-- entercredentials -->
  <testcase classname="testNg_Study.InvocationCount_Study" name="verfiycaptcha" time="0.003">
    <system-out>
      <![CDATA[Correct!]]>
    </system-out>
  </testcase> <!-- verfiycaptcha -->
  <testcase classname="testNg_Study.InvocationCount_Study" name="verfiycaptcha" time="0.002">
    <system-out>
      <![CDATA[Correct!]]>
    </system-out>
  </testcase> <!-- verfiycaptcha -->
  <testcase classname="testNg_Study.InvocationCount_Study" name="verfiycaptcha" time="0.003">
    <system-out>
      <![CDATA[Correct!]]>
    </system-out>
  </testcase> <!-- verfiycaptcha -->
  <testcase classname="testNg_Study.InvocationCount_Study" name="homepage" time="0.004">
    <system-out>
      <![CDATA[User navigate to homepage after entering valid credentials and captcha]]>
    </system-out>
  </testcase> <!-- homepage -->
  <system-out>
    <![CDATA[Enter valid credentails 
Correct!
Correct!
Correct!
User navigate to homepage after entering valid credentials and captcha]]>
  </system-out>
</testsuite> <!-- testNg_Study.InvocationCount_Study -->
