<?xml version="1.0" encoding="UTF-8"?>
<!-- Generated by org.testng.reporters.JUnitReportReporter -->
<testsuite hostname="LAPTOP-BDUVLNVT" failures="0" tests="1" name="serialAndParallel.Module_2" time="8.297" errors="0" timestamp="2023-12-27T13:03:48 IST" skipped="0">
  <testcase classname="serialAndParallel.Module_2" name="Amazone" time="8.297"/>
</testsuite> <!-- serialAndParallel.Module_2 -->
