<?xml version="1.0" encoding="UTF-8"?>
<!-- Generated by org.testng.reporters.JUnitReportReporter -->
<testsuite hostname="LAPTOP-BDUVLNVT" failures="0" tests="2" name="testNg_Study.BeforeMethod_Study" time="0.045" errors="0" timestamp="2023-12-19T12:51:14 IST" skipped="0">
  <testcase classname="testNg_Study.BeforeMethod_Study" name="method1" time="0.038"/>
  <testcase classname="testNg_Study.BeforeMethod_Study" name="method2" time="0.007"/>
</testsuite> <!-- testNg_Study.BeforeMethod_Study -->
