<?xml version="1.0" encoding="UTF-8"?>
<!-- Generated by org.testng.reporters.JUnitReportReporter -->
<testsuite hostname="LAPTOP-BDUVLNVT" failures="0" tests="1" name="failed_xmlStudy.TestCase_101" time="0.014" errors="0" timestamp="2023-12-23T21:07:54 IST" skipped="0">
  <testcase classname="failed_xmlStudy.TestCase_101" name="Tc2" time="0.014">
    <system-out>
      <![CDATA[Tc2 is running]]>
    </system-out>
  </testcase> <!-- Tc2 -->
  <system-out>
    <![CDATA[Tc2 is running]]>
  </system-out>
</testsuite> <!-- failed_xmlStudy.TestCase_101 -->
