<?xml version="1.0" encoding="UTF-8"?>
<!-- Generated by org.testng.reporters.JUnitReportReporter -->
<testsuite hostname="LAPTOP-BDUVLNVT" failures="0" tests="4" name="package1.methos_example" time="0.056" errors="0" timestamp="2023-12-18T12:47:27 IST" skipped="0">
  <testcase classname="package1.methos_example" name="method1" time="0.026"/>
  <testcase classname="package1.methos_example" name="method3" time="0.007"/>
  <testcase classname="package1.methos_example" name="method4" time="0.009"/>
  <testcase classname="package1.methos_example" name="method2" time="0.014"/>
</testsuite> <!-- package1.methos_example -->
