<?xml version="1.0" encoding="UTF-8"?>
<!-- Generated by org.testng.reporters.JUnitReportReporter -->
<testsuite hostname="LAPTOP-BDUVLNVT" failures="0" tests="1" name="testNg_Study.Class1" time="0.015" errors="0" timestamp="2023-12-20T00:05:37 IST" skipped="0">
  <testcase classname="testNg_Study.Class1" name="method1" time="0.015">
    <system-out>
      <![CDATA[Hii, welcome to method1]]>
    </system-out>
  </testcase> <!-- method1 -->
  <system-out>
    <![CDATA[Hii, welcome to beforesuite
Hii, welcome to beforetest
Hii, welcome to beforeclass
Hii, welcome to beforemethod
Hii, welcome to method1
Hii, welcome to aftermethod
Hii, welcome to afterclass
Hii, welcome to beforeclass from class2
Hii, welcome to beforemethod from class2
Hii, welcome to method2
Hii, welcome to aftermethod from class2
Hii, welcome to afterclass from class2
Hii, welcome to aftertest
Hii, welcome to aftersuite]]>
  </system-out>
</testsuite> <!-- testNg_Study.Class1 -->
