<?xml version="1.0" encoding="UTF-8"?>
<!-- Generated by org.testng.reporters.JUnitReportReporter -->
<testsuite hostname="LAPTOP-BDUVLNVT" failures="0" tests="1" name="package1.It_company" time="0.022" errors="0" timestamp="2023-12-19T12:45:56 IST" skipped="0">
  <testcase classname="package1.It_company" name="it" time="0.022"/>
</testsuite> <!-- package1.It_company -->
