<?xml version="1.0" encoding="UTF-8"?>
<!-- Generated by org.testng.reporters.JUnitReportReporter -->
<testsuite hostname="LAPTOP-BDUVLNVT" failures="0" tests="2" name="testngXMLuse.TestCase2" time="0.010" errors="0" timestamp="2023-12-27T13:24:03 IST" skipped="0">
  <testcase classname="testngXMLuse.TestCase2" name="Tc5" time="0.006">
    <system-out>
      <![CDATA[Hi Tc5]]>
    </system-out>
  </testcase> <!-- Tc5 -->
  <testcase classname="testngXMLuse.TestCase2" name="Tc7" time="0.004">
    <system-out>
      <![CDATA[Hi Tc7]]>
    </system-out>
  </testcase> <!-- Tc7 -->
  <system-out>
    <![CDATA[Hi Tc3
Hi Tc4
Hi Tc5
Hi Tc7]]>
  </system-out>
</testsuite> <!-- testngXMLuse.TestCase2 -->
