<?xml version="1.0" encoding="UTF-8"?>
<!-- Generated by org.testng.reporters.JUnitReportReporter -->
<testsuite hostname="LAPTOP-BDUVLNVT" failures="0" tests="6" name="coverFoxUsingTestNg.CF_TC555_Validate_search_results_for_healthcare_policies_Excel" time="190.815" errors="0" timestamp="2023-12-29T13:51:13 IST" skipped="0">
  <testcase classname="coverFoxUsingTestNg.CF_TC555_Validate_search_results_for_healthcare_policies_Excel" name="enterDetails" time="33.662">
    <system-out>
      <![CDATA[Opening Browser
clicking on gender button 
clicking on next button 
Handeling age drop down 
Clicking on next button 
Entering pin code 
Entering mobile num 
Clicking on continue button 
Fetching number of results from text 
Fetching number of results from Banners 
TC is passed 
Closing browser ]]>
    </system-out>
  </testcase> <!-- enterDetails -->
  <testcase classname="coverFoxUsingTestNg.CF_TC555_Validate_search_results_for_healthcare_policies_Excel" name="enterDetails" time="30.949">
    <system-out>
      <![CDATA[Opening Browser
clicking on gender button 
clicking on next button 
Handeling age drop down 
Clicking on next button 
Entering pin code 
Entering mobile num 
Clicking on continue button 
Fetching number of results from text 
Fetching number of results from Banners 
TC is passed 
Closing browser ]]>
    </system-out>
  </testcase> <!-- enterDetails -->
  <testcase classname="coverFoxUsingTestNg.CF_TC555_Validate_search_results_for_healthcare_policies_Excel" name="enterDetails" time="33.057">
    <system-out>
      <![CDATA[Opening Browser
clicking on gender button 
clicking on next button 
Handeling age drop down 
Clicking on next button 
Entering pin code 
Entering mobile num 
Clicking on continue button 
Fetching number of results from text 
Fetching number of results from Banners 
TC is passed 
Closing browser ]]>
    </system-out>
  </testcase> <!-- enterDetails -->
  <testcase classname="coverFoxUsingTestNg.CF_TC555_Validate_search_results_for_healthcare_policies_Excel" name="enterDetails" time="30.716">
    <system-out>
      <![CDATA[Opening Browser
clicking on gender button 
clicking on next button 
Handeling age drop down 
Clicking on next button 
Entering pin code 
Entering mobile num 
Clicking on continue button 
Fetching number of results from text 
Fetching number of results from Banners 
TC is passed 
Closing browser ]]>
    </system-out>
  </testcase> <!-- enterDetails -->
  <testcase classname="coverFoxUsingTestNg.CF_TC555_Validate_search_results_for_healthcare_policies_Excel" name="enterDetails" time="30.628">
    <system-out>
      <![CDATA[Opening Browser
clicking on gender button 
clicking on next button 
Handeling age drop down 
Clicking on next button 
Entering pin code 
Entering mobile num 
Clicking on continue button 
Fetching number of results from text 
Fetching number of results from Banners 
TC is passed 
Closing browser ]]>
    </system-out>
  </testcase> <!-- enterDetails -->
  <testcase classname="coverFoxUsingTestNg.CF_TC555_Validate_search_results_for_healthcare_policies_Excel" name="enterDetails" time="31.803">
    <system-out>
      <![CDATA[Opening Browser
clicking on gender button 
clicking on next button 
Handeling age drop down 
Clicking on next button 
Entering pin code 
Entering mobile num 
Clicking on continue button 
Fetching number of results from text 
Fetching number of results from Banners 
TC is passed 
Closing browser ]]>
    </system-out>
  </testcase> <!-- enterDetails -->
  <system-out>
    <![CDATA[Opening Browser
clicking on gender button 
clicking on next button 
Handeling age drop down 
Clicking on next button 
Entering pin code 
Entering mobile num 
Clicking on continue button 
Fetching number of results from text 
Fetching number of results from Banners 
TC is passed 
Closing browser 
Opening Browser
clicking on gender button 
clicking on next button 
Handeling age drop down 
Clicking on next button 
Entering pin code 
Entering mobile num 
Clicking on continue button 
Fetching number of results from text 
Fetching number of results from Banners 
TC is passed 
Closing browser 
Opening Browser
clicking on gender button 
clicking on next button 
Handeling age drop down 
Clicking on next button 
Entering pin code 
Entering mobile num 
Clicking on continue button 
Fetching number of results from text 
Fetching number of results from Banners 
TC is passed 
Closing browser 
Opening Browser
clicking on gender button 
clicking on next button 
Handeling age drop down 
Clicking on next button 
Entering pin code 
Entering mobile num 
Clicking on continue button 
Fetching number of results from text 
Fetching number of results from Banners 
TC is passed 
Closing browser 
Opening Browser
clicking on gender button 
clicking on next button 
Handeling age drop down 
Clicking on next button 
Entering pin code 
Entering mobile num 
Clicking on continue button 
Fetching number of results from text 
Fetching number of results from Banners 
TC is passed 
Closing browser 
Opening Browser
clicking on gender button 
clicking on next button 
Handeling age drop down 
Clicking on next button 
Entering pin code 
Entering mobile num 
Clicking on continue button 
Fetching number of results from text 
Fetching number of results from Banners 
TC is passed 
Closing browser ]]>
  </system-out>
</testsuite> <!-- coverFoxUsingTestNg.CF_TC555_Validate_search_results_for_healthcare_policies_Excel -->
