<?xml version="1.0" encoding="UTF-8"?>
<!-- Generated by org.testng.reporters.JUnitReportReporter -->
<testsuite hostname="LAPTOP-BDUVLNVT" failures="0" tests="1" name="hardAssertions.NullandNotNull" time="0.022" errors="0" timestamp="2023-12-25T15:52:45 IST" skipped="0">
  <testcase classname="hardAssertions.NullandNotNull" name="null_notNull" time="0.022"/>
</testsuite> <!-- hardAssertions.NullandNotNull -->
