<?xml version="1.0" encoding="UTF-8"?>
<!-- Generated by org.testng.reporters.JUnitReportReporter -->
<testsuite hostname="LAPTOP-BDUVLNVT" failures="0" tests="1" name="testNg_Study.Use_Reporter" time="0.028" errors="0" timestamp="2023-12-18T17:24:34 IST" skipped="0">
  <testcase classname="testNg_Study.Use_Reporter" name="method" time="0.028">
    <system-out>
      <![CDATA[Hi this is reporter , without boolean parameter
Hi this is repoeter , with boolean parameter]]>
    </system-out>
  </testcase> <!-- method -->
  <system-out>
    <![CDATA[Hi this is reporter , without boolean parameter
Hi this is repoeter , with boolean parameter]]>
  </system-out>
</testsuite> <!-- testNg_Study.Use_Reporter -->
