<?xml version="1.0" encoding="UTF-8"?>
<!-- Generated by org.testng.reporters.JUnitReportReporter -->
<testsuite hostname="LAPTOP-BDUVLNVT" failures="0" tests="1" name="package1.Study_3" time="0.016" errors="0" timestamp="2023-12-15T13:08:19 IST" skipped="0">
  <testcase classname="package1.Study_3" name="test5" time="0.016"/>
</testsuite> <!-- package1.Study_3 -->
