<?xml version="1.0" encoding="UTF-8"?>
<!-- Generated by org.testng.reporters.JUnitReportReporter -->
<testsuite hostname="LAPTOP-BDUVLNVT" failures="0" tests="1" name="crossBrowsing.FireFoxBrowser" time="11.811" errors="0" timestamp="2023-12-26T15:38:37 IST" skipped="0">
  <testcase classname="crossBrowsing.FireFoxBrowser" name="TC1" time="11.811"/>
</testsuite> <!-- crossBrowsing.FireFoxBrowser -->
