<?xml version="1.0" encoding="UTF-8"?>
<!-- Generated by org.testng.reporters.JUnitReportReporter -->
<testsuite hostname="LAPTOP-BDUVLNVT" failures="0" tests="4" name="testngXMLuse.TestCase2$TestCase1" time="0.028" errors="0" timestamp="2023-12-27T13:23:08 IST" skipped="0">
  <testcase classname="testngXMLuse.TestCase2$TestCase1" name="Tc8" time="0.006">
    <system-out>
      <![CDATA[Hi Tc8]]>
    </system-out>
  </testcase> <!-- Tc8 -->
  <testcase classname="testngXMLuse.TestCase2$TestCase1" name="Tc6" time="0.008">
    <system-out>
      <![CDATA[Hi Tc6]]>
    </system-out>
  </testcase> <!-- Tc6 -->
  <testcase classname="testngXMLuse.TestCase2$TestCase1" name="Tc7" time="0.005">
    <system-out>
      <![CDATA[Hi Tc7]]>
    </system-out>
  </testcase> <!-- Tc7 -->
  <testcase classname="testngXMLuse.TestCase2$TestCase1" name="Tc5" time="0.009">
    <system-out>
      <![CDATA[Hi Tc5]]>
    </system-out>
  </testcase> <!-- Tc5 -->
  <system-out>
    <![CDATA[Hi Tc3
Hi Tc4
Hi Tc5
Hi Tc6
Hi Tc7
Hi Tc8]]>
  </system-out>
</testsuite> <!-- testngXMLuse.TestCase2$TestCase1 -->
