<?xml version="1.0" encoding="UTF-8"?>
<!-- Generated by org.testng.reporters.JUnitReportReporter -->
<testsuite hostname="LAPTOP-BDUVLNVT" failures="0" tests="3" name="crossBrowsing.CrossBrowsing_Study" time="58.566" errors="0" timestamp="2023-12-27T16:46:32 IST" skipped="0">
  <testcase classname="crossBrowsing.CrossBrowsing_Study" name="f" time="26.436"/>
  <testcase classname="crossBrowsing.CrossBrowsing_Study" name="f" time="15.456"/>
  <testcase classname="crossBrowsing.CrossBrowsing_Study" name="f" time="16.674"/>
</testsuite> <!-- crossBrowsing.CrossBrowsing_Study -->
