<?xml version="1.0" encoding="UTF-8"?>
<!-- Generated by org.testng.reporters.JUnitReportReporter -->
<testsuite hostname="LAPTOP-BDUVLNVT" failures="0" tests="2" name="package1.Study_2" time="0.008" errors="0" timestamp="2023-12-18T12:47:27 IST" skipped="0">
  <testcase classname="package1.Study_2" name="test4" time="0.004"/>
  <testcase classname="package1.Study_2" name="test3" time="0.004"/>
</testsuite> <!-- package1.Study_2 -->
