<?xml version="1.0" encoding="UTF-8"?>
<!-- Generated by org.testng.reporters.JUnitReportReporter -->
<testsuite hostname="LAPTOP-BDUVLNVT" failures="0" tests="2" name="testngXMLuse.TestCase1" time="0.039" errors="0" timestamp="2023-12-27T13:24:03 IST" skipped="0">
  <testcase classname="testngXMLuse.TestCase1" name="Tc3" time="0.035">
    <system-out>
      <![CDATA[Hi Tc3]]>
    </system-out>
  </testcase> <!-- Tc3 -->
  <testcase classname="testngXMLuse.TestCase1" name="Tc4" time="0.004">
    <system-out>
      <![CDATA[Hi Tc4]]>
    </system-out>
  </testcase> <!-- Tc4 -->
  <system-out>
    <![CDATA[Hi Tc3
Hi Tc4
Hi Tc5
Hi Tc7]]>
  </system-out>
</testsuite> <!-- testngXMLuse.TestCase1 -->
