<?xml version="1.0" encoding="UTF-8"?>
<!-- Generated by org.testng.reporters.JUnitReportReporter -->
<testsuite hostname="LAPTOP-BDUVLNVT" failures="0" tests="1" name="DataProvider_Study.data_providerforAccount" time="0.015" errors="0" timestamp="2023-12-26T23:08:23 IST" skipped="0">
  <testcase classname="DataProvider_Study.data_providerforAccount" name="f" time="0.015"/>
</testsuite> <!-- DataProvider_Study.data_providerforAccount -->
