<?xml version="1.0" encoding="UTF-8"?>
<!-- Generated by org.testng.reporters.JUnitReportReporter -->
<testsuite hostname="LAPTOP-BDUVLNVT" failures="0" tests="1" name="testngXMLuse.Myclass_1" time="0.029" errors="0" timestamp="2023-12-27T13:13:18 IST" skipped="0">
  <testcase classname="testngXMLuse.Myclass_1" name="Tc4" time="0.029">
    <system-out>
      <![CDATA[TC4 is running]]>
    </system-out>
  </testcase> <!-- Tc4 -->
  <system-out>
    <![CDATA[TC4 is running]]>
  </system-out>
</testsuite> <!-- testngXMLuse.Myclass_1 -->
