<?xml version="1.0" encoding="UTF-8"?>
<!-- Generated by org.testng.reporters.JUnitReportReporter -->
<testsuite hostname="LAPTOP-BDUVLNVT" failures="0" tests="3" name="testNg_Study.Priority_Study" time="0.024" errors="0" timestamp="2023-12-20T00:14:46 IST" skipped="0">
  <testcase classname="testNg_Study.Priority_Study" name="launchbrowser" time="0.020">
    <system-out>
      <![CDATA[Launch URL on supported browser]]>
    </system-out>
  </testcase> <!-- launchbrowser -->
  <testcase classname="testNg_Study.Priority_Study" name="login" time="0.002">
    <system-out>
      <![CDATA[Login with valid credentials]]>
    </system-out>
  </testcase> <!-- login -->
  <testcase classname="testNg_Study.Priority_Study" name="enterdetails" time="0.002">
    <system-out>
      <![CDATA[Enter all details what u have to search?]]>
    </system-out>
  </testcase> <!-- enterdetails -->
  <system-out>
    <![CDATA[Launch URL on supported browser
Login with valid credentials
Enter all details what u have to search?]]>
  </system-out>
</testsuite> <!-- testNg_Study.Priority_Study -->
